0 info it worked if it ends with ok
1 verbose cli [ 'C:\\node\\node.exe',
1 verbose cli   'C:\\Users\\aaa\\AppData\\Roaming\\npm\\node_modules\\npm\\bin\\npm-cli.js',
1 verbose cli   'run',
1 verbose cli   'dev' ]
2 info using npm@4.0.5
3 info using node@v6.9.2
4 verbose run-script [ 'predev', 'dev', 'postdev' ]
5 info lifecycle productappsample@1.0.0~predev: productappsample@1.0.0
6 silly lifecycle productappsample@1.0.0~predev: no script for predev, continuing
7 info lifecycle productappsample@1.0.0~dev: productappsample@1.0.0
8 verbose lifecycle productappsample@1.0.0~dev: unsafe-perm in lifecycle true
9 verbose lifecycle productappsample@1.0.0~dev: PATH: C:\Users\aaa\AppData\Roaming\npm\node_modules\npm\bin\node-gyp-bin;C:\Users\aaa\Desktop\NODE NODE NODE\ProductAppSample\node_modules\.bin;C:\Program Files (x86)\MSBuild\14.0\bin;C:\Windows\system32;C:\Windows;C:\Windows\System32\Wbem;C:\Windows\System32\WindowsPowerShell\v1.0\;C:\Program Files (x86)\NVIDIA Corporation\PhysX\Common;C:\Windows\system32\config\systemprofile\.dnx\bin;C:\Program Files\Microsoft DNX\Dnvm\;C:\Program Files\Microsoft SQL Server\120\Tools\Binn\;C:\Program Files\Microsoft SQL Server\130\Tools\Binn\;C:\Program Files\Git\cmd;C:\Program Files (x86)\Skype\Phone\;C:\Program Files\Microsoft SQL Server\110\DTS\Binn\;C:\Program Files (x86)\Microsoft SQL Server\110\Tools\Binn\;C:\Program Files\Microsoft SQL Server\110\Tools\Binn\;C:\Program Files (x86)\Microsoft SQL Server\110\Tools\Binn\ManagementStudio\;C:\Program Files (x86)\Microsoft Visual Studio 10.0\Common7\IDE\PrivateAssemblies\;C:\Program Files (x86)\Microsoft SQL Server\110\DTS\Binn\;C:\node\;C:\Program Files\MySQL\MySQL Utilities 1.6\;C:\Users\aaa\AppData\Roaming\npm
10 verbose lifecycle productappsample@1.0.0~dev: CWD: C:\Users\aaa\Desktop\NODE NODE NODE\ProductAppSample
11 silly lifecycle productappsample@1.0.0~dev: Args: [ '/d /s /c', 'nodemon server.js' ]
12 silly lifecycle productappsample@1.0.0~dev: Returned: code: 3221225786  signal: null
13 info lifecycle productappsample@1.0.0~dev: Failed to exec dev script
14 verbose stack Error: productappsample@1.0.0 dev: `nodemon server.js`
14 verbose stack Exit status 3221225786
14 verbose stack     at EventEmitter.<anonymous> (C:\Users\aaa\AppData\Roaming\npm\node_modules\npm\lib\utils\lifecycle.js:279:16)
14 verbose stack     at emitTwo (events.js:106:13)
14 verbose stack     at EventEmitter.emit (events.js:191:7)
14 verbose stack     at ChildProcess.<anonymous> (C:\Users\aaa\AppData\Roaming\npm\node_modules\npm\lib\utils\spawn.js:40:14)
14 verbose stack     at emitTwo (events.js:106:13)
14 verbose stack     at ChildProcess.emit (events.js:191:7)
14 verbose stack     at maybeClose (internal/child_process.js:877:16)
14 verbose stack     at Process.ChildProcess._handle.onexit (internal/child_process.js:226:5)
15 verbose pkgid productappsample@1.0.0
16 verbose cwd C:\Users\aaa\Desktop\NODE NODE NODE\ProductAppSample
17 error Windows_NT 6.1.7601
18 error argv "C:\\node\\node.exe" "C:\\Users\\aaa\\AppData\\Roaming\\npm\\node_modules\\npm\\bin\\npm-cli.js" "run" "dev"
19 error node v6.9.2
20 error npm  v4.0.5
21 error code ELIFECYCLE
22 error productappsample@1.0.0 dev: `nodemon server.js`
22 error Exit status 3221225786
23 error Failed at the productappsample@1.0.0 dev script 'nodemon server.js'.
23 error Make sure you have the latest version of node.js and npm installed.
23 error If you do, this is most likely a problem with the productappsample package,
23 error not with npm itself.
23 error Tell the author that this fails on your system:
23 error     nodemon server.js
23 error You can get information on how to open an issue for this project with:
23 error     npm bugs productappsample
23 error Or if that isn't available, you can get their info via:
23 error     npm owner ls productappsample
23 error There is likely additional logging output above.
24 verbose exit [ 1, true ]
